<?xml version="1.0" encoding="UTF-8"?>
<!-- Generated by org.testng.reporters.JUnitXMLReporter -->
<testsuite hostname="MahaHameed-PC" ignored="0" name="Free CRM App Test Cases" tests="4" failures="0" timestamp="01 Jun 2020 19:55:26 GMT" time="47.362" errors="0">
  <testcase name="getTitleForMainPage" time="0.053" classname="com.crm.qa.testcases.LoginPageTest"/>
  <testcase name="verifyHomePageTitleTest" time="0.008" classname="com.crm.qa.testcases.HomePageTest"/>
  <testcase name="loginCRMTest" time="3.349" classname="com.crm.qa.testcases.LoginPageTest"/>
  <testcase name="verifyUserNameTitleTest" time="1.769" classname="com.crm.qa.testcases.HomePageTest"/>
</testsuite> <!-- Free CRM App Test Cases -->
