<?xml version="1.0" encoding="UTF-8"?>
<!-- Generated by org.testng.reporters.JUnitXMLReporter -->
<testsuite hostname="MahaHameed-PC" ignored="0" name="Free CRM App Test Cases" tests="4" failures="0" timestamp="05 Jun 2020 19:44:48 GMT" time="47.951" errors="0">
  <testcase name="getTitleForMainPage" time="0.025" classname="com.crm.qa.testcases.LoginPageTest"/>
  <testcase name="verifyHomePageTitleTest" time="0.022" classname="com.crm.qa.testcases.HomePageTest"/>
  <testcase name="loginCRMTest" time="4.065" classname="com.crm.qa.testcases.LoginPageTest"/>
  <testcase name="verifyUserNameTitleTest" time="1.604" classname="com.crm.qa.testcases.HomePageTest"/>
</testsuite> <!-- Free CRM App Test Cases -->
