<?xml version="1.0" encoding="UTF-8"?>
<!-- Generated by org.testng.reporters.JUnitXMLReporter -->
<testsuite hostname="MahaHameed-PC" ignored="0" name="Command line test" tests="4" failures="0" timestamp="01 Jun 2020 20:29:44 GMT" time="64.686" errors="0">
  <testcase name="verifyHomePageTitleTest" time="0.012" classname="com.crm.qa.testcases.HomePageTest"/>
  <testcase name="getTitleForMainPage" time="0.009" classname="com.crm.qa.testcases.LoginPageTest"/>
  <testcase name="verifyUserNameTitleTest" time="1.814" classname="com.crm.qa.testcases.HomePageTest"/>
  <testcase name="loginCRMTest" time="3.358" classname="com.crm.qa.testcases.LoginPageTest"/>
</testsuite> <!-- Command line test -->
