<?xml version="1.0" encoding="UTF-8"?>
<!-- Generated by org.testng.reporters.JUnitXMLReporter -->
<testsuite hostname="MahaHameed-PC" ignored="0" name="Command line test" tests="4" failures="0" timestamp="05 Jun 2020 19:53:53 GMT" time="52.595" errors="0">
  <testcase name="verifyHomePageTitleTest" time="0.011" classname="com.crm.qa.testcases.HomePageTest"/>
  <testcase name="getTitleForMainPage" time="0.008" classname="com.crm.qa.testcases.LoginPageTest"/>
  <testcase name="verifyUserNameTitleTest" time="1.444" classname="com.crm.qa.testcases.HomePageTest"/>
  <testcase name="loginCRMTest" time="4.001" classname="com.crm.qa.testcases.LoginPageTest"/>
</testsuite> <!-- Command line test -->
