<?xml version="1.0" encoding="UTF-8"?>
<testng-results skipped="0" failed="0" ignored="0" total="4" passed="4">
  <reporter-output>
  </reporter-output>
  <suite name="Command line suite" duration-ms="52595" started-at="2020-06-05T19:53:00Z" finished-at="2020-06-05T19:53:53Z">
    <groups>
    </groups>
    <test name="Command line test" duration-ms="52595" started-at="2020-06-05T19:53:00Z" finished-at="2020-06-05T19:53:53Z">
      <class name="com.crm.qa.testcases.HomePageTest">
        <test-method status="PASS" signature="setUp()[pri:0, instance:com.crm.qa.testcases.HomePageTest@6fadae5d]" name="setUp" is-config="true" duration-ms="12150" started-at="2020-06-05T23:53:00Z" finished-at="2020-06-05T23:53:12Z">
          <reporter-output>
          </reporter-output>
        </test-method> <!-- setUp -->
        <test-method status="PASS" signature="verifyHomePageTitleTest()[pri:1, instance:com.crm.qa.testcases.HomePageTest@6fadae5d]" name="verifyHomePageTitleTest" duration-ms="11" started-at="2020-06-05T23:53:12Z" finished-at="2020-06-05T23:53:12Z">
          <reporter-output>
          </reporter-output>
        </test-method> <!-- verifyHomePageTitleTest -->
        <test-method status="PASS" signature="tearDown()[pri:0, instance:com.crm.qa.testcases.HomePageTest@6fadae5d]" name="tearDown" is-config="true" duration-ms="794" started-at="2020-06-05T23:53:12Z" finished-at="2020-06-05T23:53:13Z">
          <reporter-output>
          </reporter-output>
        </test-method> <!-- tearDown -->
        <test-method status="PASS" signature="setUp()[pri:0, instance:com.crm.qa.testcases.HomePageTest@6fadae5d]" name="setUp" is-config="true" duration-ms="12491" started-at="2020-06-05T23:53:23Z" finished-at="2020-06-05T23:53:35Z">
          <reporter-output>
          </reporter-output>
        </test-method> <!-- setUp -->
        <test-method status="PASS" signature="verifyUserNameTitleTest()[pri:2, instance:com.crm.qa.testcases.HomePageTest@6fadae5d]" name="verifyUserNameTitleTest" duration-ms="1444" started-at="2020-06-05T23:53:35Z" finished-at="2020-06-05T23:53:37Z">
          <reporter-output>
          </reporter-output>
        </test-method> <!-- verifyUserNameTitleTest -->
        <test-method status="PASS" signature="tearDown()[pri:0, instance:com.crm.qa.testcases.HomePageTest@6fadae5d]" name="tearDown" is-config="true" duration-ms="2717" started-at="2020-06-05T23:53:37Z" finished-at="2020-06-05T23:53:40Z">
          <reporter-output>
          </reporter-output>
        </test-method> <!-- tearDown -->
      </class> <!-- com.crm.qa.testcases.HomePageTest -->
      <class name="com.crm.qa.testcases.LoginPageTest">
        <test-method status="PASS" signature="setUp()[pri:0, instance:com.crm.qa.testcases.LoginPageTest@17f6480]" name="setUp" is-config="true" duration-ms="9126" started-at="2020-06-05T23:53:13Z" finished-at="2020-06-05T23:53:22Z">
          <reporter-output>
          </reporter-output>
        </test-method> <!-- setUp -->
        <test-method status="PASS" signature="getTitleForMainPage()[pri:1, instance:com.crm.qa.testcases.LoginPageTest@17f6480]" name="getTitleForMainPage" duration-ms="8" started-at="2020-06-05T23:53:22Z" finished-at="2020-06-05T23:53:22Z">
          <reporter-output>
          </reporter-output>
        </test-method> <!-- getTitleForMainPage -->
        <test-method status="PASS" signature="tearDown()[pri:0, instance:com.crm.qa.testcases.LoginPageTest@17f6480]" name="tearDown" is-config="true" duration-ms="621" started-at="2020-06-05T23:53:22Z" finished-at="2020-06-05T23:53:23Z">
          <reporter-output>
          </reporter-output>
        </test-method> <!-- tearDown -->
        <test-method status="PASS" signature="setUp()[pri:0, instance:com.crm.qa.testcases.LoginPageTest@17f6480]" name="setUp" is-config="true" duration-ms="7871" started-at="2020-06-05T23:53:40Z" finished-at="2020-06-05T23:53:47Z">
          <reporter-output>
          </reporter-output>
        </test-method> <!-- setUp -->
        <test-method status="PASS" signature="loginCRMTest()[pri:2, instance:com.crm.qa.testcases.LoginPageTest@17f6480]" name="loginCRMTest" duration-ms="4001" started-at="2020-06-05T23:53:47Z" finished-at="2020-06-05T23:53:51Z">
          <reporter-output>
          </reporter-output>
        </test-method> <!-- loginCRMTest -->
        <test-method status="PASS" signature="tearDown()[pri:0, instance:com.crm.qa.testcases.LoginPageTest@17f6480]" name="tearDown" is-config="true" duration-ms="1334" started-at="2020-06-05T23:53:51Z" finished-at="2020-06-05T23:53:53Z">
          <reporter-output>
          </reporter-output>
        </test-method> <!-- tearDown -->
      </class> <!-- com.crm.qa.testcases.LoginPageTest -->
    </test> <!-- Command line test -->
  </suite> <!-- Command line suite -->
</testng-results>
