<?xml version="1.0" encoding="UTF-8"?>
<testng-results skipped="0" failed="0" ignored="0" total="4" passed="4">
  <reporter-output>
  </reporter-output>
  <suite name="FREE CRM Application Test Automation Test Suite" duration-ms="56623" started-at="2020-06-06T20:59:51Z" finished-at="2020-06-06T21:00:48Z">
    <groups>
    </groups>
    <test name="Free CRM App Test Cases" duration-ms="56623" started-at="2020-06-06T20:59:51Z" finished-at="2020-06-06T21:00:48Z">
      <class name="com.crm.qa.testcases.HomePageTest">
        <test-method status="PASS" signature="setUp()[pri:0, instance:com.crm.qa.testcases.HomePageTest@48e4374]" name="setUp" is-config="true" duration-ms="14596" started-at="2020-06-07T01:00:06Z" finished-at="2020-06-07T01:00:21Z">
          <reporter-output>
          </reporter-output>
        </test-method> <!-- setUp -->
        <test-method status="PASS" signature="verifyHomePageTitleTest()[pri:1, instance:com.crm.qa.testcases.HomePageTest@48e4374]" name="verifyHomePageTitleTest" duration-ms="13" started-at="2020-06-07T01:00:21Z" finished-at="2020-06-07T01:00:21Z">
          <reporter-output>
          </reporter-output>
        </test-method> <!-- verifyHomePageTitleTest -->
        <test-method status="PASS" signature="tearDown()[pri:0, instance:com.crm.qa.testcases.HomePageTest@48e4374]" name="tearDown" is-config="true" duration-ms="792" started-at="2020-06-07T01:00:21Z" finished-at="2020-06-07T01:00:22Z">
          <reporter-output>
          </reporter-output>
        </test-method> <!-- tearDown -->
        <test-method status="PASS" signature="setUp()[pri:0, instance:com.crm.qa.testcases.HomePageTest@48e4374]" name="setUp" is-config="true" duration-ms="11466" started-at="2020-06-07T01:00:33Z" finished-at="2020-06-07T01:00:45Z">
          <reporter-output>
          </reporter-output>
        </test-method> <!-- setUp -->
        <test-method status="PASS" signature="verifyUserNameTitleTest()[pri:2, instance:com.crm.qa.testcases.HomePageTest@48e4374]" name="verifyUserNameTitleTest" duration-ms="1586" started-at="2020-06-07T01:00:45Z" finished-at="2020-06-07T01:00:47Z">
          <reporter-output>
          </reporter-output>
        </test-method> <!-- verifyUserNameTitleTest -->
        <test-method status="PASS" signature="tearDown()[pri:0, instance:com.crm.qa.testcases.HomePageTest@48e4374]" name="tearDown" is-config="true" duration-ms="1301" started-at="2020-06-07T01:00:47Z" finished-at="2020-06-07T01:00:48Z">
          <reporter-output>
          </reporter-output>
        </test-method> <!-- tearDown -->
      </class> <!-- com.crm.qa.testcases.HomePageTest -->
      <class name="com.crm.qa.testcases.LoginPageTest">
        <test-method status="PASS" signature="setUp()[pri:0, instance:com.crm.qa.testcases.LoginPageTest@49d904ec]" name="setUp" is-config="true" duration-ms="14270" started-at="2020-06-07T00:59:51Z" finished-at="2020-06-07T01:00:06Z">
          <reporter-output>
          </reporter-output>
        </test-method> <!-- setUp -->
        <test-method status="PASS" signature="getTitleForMainPage()[pri:1, instance:com.crm.qa.testcases.LoginPageTest@49d904ec]" name="getTitleForMainPage" duration-ms="65" started-at="2020-06-07T01:00:06Z" description="Veryfiy The Title of Main Page" finished-at="2020-06-07T01:00:06Z">
          <reporter-output>
          </reporter-output>
        </test-method> <!-- getTitleForMainPage -->
        <test-method status="PASS" signature="tearDown()[pri:0, instance:com.crm.qa.testcases.LoginPageTest@49d904ec]" name="tearDown" is-config="true" duration-ms="610" started-at="2020-06-07T01:00:06Z" finished-at="2020-06-07T01:00:06Z">
          <reporter-output>
          </reporter-output>
        </test-method> <!-- tearDown -->
        <test-method status="PASS" signature="setUp()[pri:0, instance:com.crm.qa.testcases.LoginPageTest@49d904ec]" name="setUp" is-config="true" duration-ms="7682" started-at="2020-06-07T01:00:22Z" finished-at="2020-06-07T01:00:29Z">
          <reporter-output>
          </reporter-output>
        </test-method> <!-- setUp -->
        <test-method status="PASS" signature="loginCRMTest()[pri:2, instance:com.crm.qa.testcases.LoginPageTest@49d904ec]" name="loginCRMTest" duration-ms="3328" started-at="2020-06-07T01:00:29Z" description="Login To FreeCRM App" finished-at="2020-06-07T01:00:33Z">
          <reporter-output>
          </reporter-output>
        </test-method> <!-- loginCRMTest -->
        <test-method status="PASS" signature="tearDown()[pri:0, instance:com.crm.qa.testcases.LoginPageTest@49d904ec]" name="tearDown" is-config="true" duration-ms="715" started-at="2020-06-07T01:00:33Z" finished-at="2020-06-07T01:00:33Z">
          <reporter-output>
          </reporter-output>
        </test-method> <!-- tearDown -->
      </class> <!-- com.crm.qa.testcases.LoginPageTest -->
    </test> <!-- Free CRM App Test Cases -->
  </suite> <!-- FREE CRM Application Test Automation Test Suite -->
</testng-results>
